# JRE version: OpenJDK Runtime Environment Temurin-21.0.9+10 (21.0.9+10) (build 21.0.9+10-LTS)
# Java VM: OpenJDK 64-Bit Server VM Temurin-21.0.9+10 (21.0.9+10-LTS, mixed mode, sharing, tiered, compressed oops, compressed class ptrs, parallel gc, windows-amd64)
GC Precious Log:
 CardTable entry size: 512
 CPUs: 8 total, 8 available
 Memory: 7418M
 Large Page Support: Disabled
 NUMA Support: Disabled
 Compressed Oops: Enabled (32-bit)
 Alignments: Space 512K, Generation 512K, Heap 2M
 Heap Min Capacity: 100M
 Heap Initial Capacity: 100M
 Heap Max Capacity: 2G
 Pre-touch: Disabled
 Parallel Workers: 8
Heap:
 PSYoungGen      total 3072K, used 3067K [0x00000000d5580000, 0x00000000d5a80000, 0x0000000100000000)
  eden space 2560K, 100% used [0x00000000d5580000,0x00000000d5800000,0x00000000d5800000)
  from space 512K, 99% used [0x00000000d5900000,0x00000000d597ee78,0x00000000d5980000)
  to   space 1024K, 0% used [0x00000000d5800000,0x00000000d5800000,0x00000000d5900000)
 ParOldGen       total 1383936K, used 1382805K [0x0000000080000000, 0x00000000d4780000, 0x00000000d5580000)
  object space 1383936K, 99% used [0x0000000080000000,0x00000000d4665648,0x00000000d4780000)
 Metaspace       used 73545K, committed 75200K, reserved 1179648K
  class space    used 7713K, committed 8448K, reserved 1048576K
GC Heap History (20 events):
Event: 14292.048 GC heap before
{Heap before GC invocations=448 (full 3):
 PSYoungGen      total 2560K, used 2463K [0x00000000d5580000, 0x00000000d5900000, 0x0000000100000000)
  eden space 2048K, 99% used [0x00000000d5580000,0x00000000d577ffd0,0x00000000d5780000)
  from space 512K, 81% used [0x00000000d5880000,0x00000000d58e8000,0x00000000d5900000)
  to   space 512K, 0% used [0x00000000d5800000,0x00000000d5800000,0x00000000d5880000)
 ParOldGen       total 1351680K, used 1350552K [0x0000000080000000, 0x00000000d2800000, 0x00000000d5580000)
  object space 1351680K, 99% used [0x0000000080000000,0x00000000d26e6210,0x00000000d2800000)
 Metaspace       used 73518K, committed 75200K, reserved 1179648K
  class space    used 7713K, committed 8448K, reserved 1048576K
}
Event: 14292.058 GC heap after
{Heap after GC invocations=448 (full 3):
 PSYoungGen      total 2560K, used 506K [0x00000000d5580000, 0x00000000d5980000, 0x0000000100000000)
  eden space 2048K, 0% used [0x00000000d5580000,0x00000000d5580000,0x00000000d5780000)
  from space 512K, 98% used [0x00000000d5800000,0x00000000d587e900,0x00000000d5880000)
  to   space 1024K, 0% used [0x00000000d5880000,0x00000000d5880000,0x00000000d5980000)
 ParOldGen       total 1351680K, used 1350880K [0x0000000080000000, 0x00000000d2800000, 0x00000000d5580000)
  object space 1351680K, 99% used [0x0000000080000000,0x00000000d2738210,0x00000000d2800000)
 Metaspace       used 73518K, committed 75200K, reserved 1179648K
  class space    used 7713K, committed 8448K, reserved 1048576K
}
Event: 14292.063 GC heap before
{Heap before GC invocations=449 (full 3):
 PSYoungGen      total 2560K, used 2530K [0x00000000d5580000, 0x00000000d5980000, 0x0000000100000000)
  eden space 2048K, 98% used [0x00000000d5580000,0x00000000d577a168,0x00000000d5780000)
  from space 512K, 98% used [0x00000000d5800000,0x00000000d587e900,0x00000000d5880000)
  to   space 1024K, 0% used [0x00000000d5880000,0x00000000d5880000,0x00000000d5980000)
 ParOldGen       total 1351680K, used 1350880K [0x0000000080000000, 0x00000000d2800000, 0x00000000d5580000)
  object space 1351680K, 99% used [0x0000000080000000,0x00000000d2738210,0x00000000d2800000)
 Metaspace       used 73518K, committed 75200K, reserved 1179648K
  class space    used 7713K, committed 8448K, reserved 1048576K
}
Event: 14292.072 GC heap after
{Heap after GC invocations=449 (full 3):
 PSYoungGen      total 2560K, used 224K [0x00000000d5580000, 0x00000000d5900000, 0x0000000100000000)
  eden space 2048K, 0% used [0x00000000d5580000,0x00000000d5580000,0x00000000d5780000)
  from space 512K, 43% used [0x00000000d5880000,0x00000000d58b8000,0x00000000d5900000)
  to   space 512K, 0% used [0x00000000d5800000,0x00000000d5800000,0x00000000d5880000)
 ParOldGen       total 1354752K, used 1354166K [0x0000000080000000, 0x00000000d2b00000, 0x00000000d5580000)
  object space 1354752K, 99% used [0x0000000080000000,0x00000000d2a6d940,0x00000000d2b00000)
 Metaspace       used 73518K, committed 75200K, reserved 1179648K
  class space    used 7713K, committed 8448K, reserved 1048576K
}
Event: 14292.085 GC heap before
{Heap before GC invocations=450 (full 3):
 PSYoungGen      total 2560K, used 2272K [0x00000000d5580000, 0x00000000d5900000, 0x0000000100000000)
  eden space 2048K, 100% used [0x00000000d5580000,0x00000000d5780000,0x00000000d5780000)
  from space 512K, 43% used [0x00000000d5880000,0x00000000d58b8000,0x00000000d5900000)
  to   space 512K, 0% used [0x00000000d5800000,0x00000000d5800000,0x00000000d5880000)
 ParOldGen       total 1356288K, used 1355646K [0x0000000080000000, 0x00000000d2c80000, 0x00000000d5580000)
  object space 1356288K, 99% used [0x0000000080000000,0x00000000d2bdfbd8,0x00000000d2c80000)
 Metaspace       used 73518K, committed 75200K, reserved 1179648K
  class space    used 7713K, committed 8448K, reserved 1048576K
}
Event: 14292.095 GC heap after
{Heap after GC invocations=450 (full 3):
 PSYoungGen      total 3072K, used 224K [0x00000000d5580000, 0x00000000d5900000, 0x0000000100000000)
  eden space 2560K, 0% used [0x00000000d5580000,0x00000000d5580000,0x00000000d5800000)
  from space 512K, 43% used [0x00000000d5800000,0x00000000d5838000,0x00000000d5880000)
  to   space 512K, 0% used [0x00000000d5880000,0x00000000d5880000,0x00000000d5900000)
 ParOldGen       total 1356288K, used 1355718K [0x0000000080000000, 0x00000000d2c80000, 0x00000000d5580000)
  object space 1356288K, 99% used [0x0000000080000000,0x00000000d2bf1bd8,0x00000000d2c80000)
 Metaspace       used 73518K, committed 75200K, reserved 1179648K
  class space    used 7713K, committed 8448K, reserved 1048576K
}
Event: 14292.110 GC heap before
{Heap before GC invocations=451 (full 3):
 PSYoungGen      total 3072K, used 2784K [0x00000000d5580000, 0x00000000d5900000, 0x0000000100000000)
  eden space 2560K, 100% used [0x00000000d5580000,0x00000000d5800000,0x00000000d5800000)
  from space 512K, 43% used [0x00000000d5800000,0x00000000d5838000,0x00000000d5880000)
  to   space 512K, 0% used [0x00000000d5880000,0x00000000d5880000,0x00000000d5900000)
 ParOldGen       total 1356288K, used 1355718K [0x0000000080000000, 0x00000000d2c80000, 0x00000000d5580000)
  object space 1356288K, 99% used [0x0000000080000000,0x00000000d2bf1bd8,0x00000000d2c80000)
 Metaspace       used 73520K, committed 75200K, reserved 1179648K
  class space    used 7713K, committed 8448K, reserved 1048576K
}
Event: 14292.121 GC heap after
{Heap after GC invocations=451 (full 3):
 PSYoungGen      total 2560K, used 512K [0x00000000d5580000, 0x00000000d5a80000, 0x0000000100000000)
  eden space 2048K, 0% used [0x00000000d5580000,0x00000000d5580000,0x00000000d5780000)
  from space 512K, 100% used [0x00000000d5880000,0x00000000d5900000,0x00000000d5900000)
  to   space 1024K, 0% used [0x00000000d5780000,0x00000000d5780000,0x00000000d5880000)
 ParOldGen       total 1356288K, used 1355862K [0x0000000080000000, 0x00000000d2c80000, 0x00000000d5580000)
  object space 1356288K, 99% used [0x0000000080000000,0x00000000d2c15bd8,0x00000000d2c80000)
 Metaspace       used 73520K, committed 75200K, reserved 1179648K
  class space    used 7713K, committed 8448K, reserved 1048576K
}
Event: 14292.161 GC heap before
{Heap before GC invocations=452 (full 3):
 PSYoungGen      total 2560K, used 2560K [0x00000000d5580000, 0x00000000d5a80000, 0x0000000100000000)
  eden space 2048K, 100% used [0x00000000d5580000,0x00000000d5780000,0x00000000d5780000)
  from space 512K, 100% used [0x00000000d5880000,0x00000000d5900000,0x00000000d5900000)
  to   space 1024K, 0% used [0x00000000d5780000,0x00000000d5780000,0x00000000d5880000)
 ParOldGen       total 1356288K, used 1355862K [0x0000000080000000, 0x00000000d2c80000, 0x00000000d5580000)
  object space 1356288K, 99% used [0x0000000080000000,0x00000000d2c15bd8,0x00000000d2c80000)
 Metaspace       used 73524K, committed 75200K, reserved 1179648K
  class space    used 7713K, committed 8448K, reserved 1048576K
}
Event: 14292.168 GC heap after
{Heap after GC invocations=452 (full 3):
 PSYoungGen      total 3072K, used 506K [0x00000000d5580000, 0x00000000d5a00000, 0x0000000100000000)
  eden space 2048K, 0% used [0x00000000d5580000,0x00000000d5580000,0x00000000d5780000)
  from space 1024K, 49% used [0x00000000d5780000,0x00000000d57fe900,0x00000000d5880000)
  to   space 1024K, 0% used [0x00000000d5900000,0x00000000d5900000,0x00000000d5a00000)
 ParOldGen       total 1356288K, used 1356190K [0x0000000080000000, 0x00000000d2c80000, 0x00000000d5580000)
  object space 1356288K, 99% used [0x0000000080000000,0x00000000d2c67bd8,0x00000000d2c80000)
 Metaspace       used 73524K, committed 75200K, reserved 1179648K
  class space    used 7713K, committed 8448K, reserved 1048576K
}
Event: 14292.175 GC heap before
{Heap before GC invocations=453 (full 3):
 PSYoungGen      total 3072K, used 2554K [0x00000000d5580000, 0x00000000d5a00000, 0x0000000100000000)
  eden space 2048K, 99% used [0x00000000d5580000,0x00000000d577ffe8,0x00000000d5780000)
  from space 1024K, 49% used [0x00000000d5780000,0x00000000d57fe900,0x00000000d5880000)
  to   space 1024K, 0% used [0x00000000d5900000,0x00000000d5900000,0x00000000d5a00000)
 ParOldGen       total 1356288K, used 1356190K [0x0000000080000000, 0x00000000d2c80000, 0x00000000d5580000)
  object space 1356288K, 99% used [0x0000000080000000,0x00000000d2c67bf8,0x00000000d2c80000)
 Metaspace       used 73524K, committed 75200K, reserved 1179648K
  class space    used 7713K, committed 8448K, reserved 1048576K
}
Event: 14292.181 GC heap after
{Heap after GC invocations=453 (full 3):
 PSYoungGen      total 3072K, used 409K [0x00000000d5580000, 0x00000000d5980000, 0x0000000100000000)
  eden space 2560K, 0% used [0x00000000d5580000,0x00000000d5580000,0x00000000d5800000)
  from space 512K, 79% used [0x00000000d5900000,0x00000000d5966560,0x00000000d5980000)
  to   space 512K, 0% used [0x00000000d5880000,0x00000000d5880000,0x00000000d5900000)
 ParOldGen       total 1358336K, used 1358032K [0x0000000080000000, 0x00000000d2e80000, 0x00000000d5580000)
  object space 1358336K, 99% used [0x0000000080000000,0x00000000d2e340a0,0x00000000d2e80000)
 Metaspace       used 73524K, committed 75200K, reserved 1179648K
  class space    used 7713K, committed 8448K, reserved 1048576K
}
Event: 14292.192 GC heap before
{Heap before GC invocations=454 (full 3):
 PSYoungGen      total 3072K, used 2969K [0x00000000d5580000, 0x00000000d5980000, 0x0000000100000000)
  eden space 2560K, 100% used [0x00000000d5580000,0x00000000d5800000,0x00000000d5800000)
  from space 512K, 79% used [0x00000000d5900000,0x00000000d5966560,0x00000000d5980000)
  to   space 512K, 0% used [0x00000000d5880000,0x00000000d5880000,0x00000000d5900000)
 ParOldGen       total 1358848K, used 1358367K [0x0000000080000000, 0x00000000d2f00000, 0x00000000d5580000)
  object space 1358848K, 99% used [0x0000000080000000,0x00000000d2e87c50,0x00000000d2f00000)
 Metaspace       used 73527K, committed 75200K, reserved 1179648K
  class space    used 7713K, committed 8448K, reserved 1048576K
}
Event: 14292.197 GC heap after
{Heap after GC invocations=454 (full 3):
 PSYoungGen      total 3584K, used 192K [0x00000000d5580000, 0x00000000d5980000, 0x0000000100000000)
  eden space 3072K, 0% used [0x00000000d5580000,0x00000000d5580000,0x00000000d5880000)
  from space 512K, 37% used [0x00000000d5880000,0x00000000d58b0000,0x00000000d5900000)
  to   space 512K, 0% used [0x00000000d5900000,0x00000000d5900000,0x00000000d5980000)
 ParOldGen       total 1358848K, used 1358399K [0x0000000080000000, 0x00000000d2f00000, 0x00000000d5580000)
  object space 1358848K, 99% used [0x0000000080000000,0x00000000d2e8fc50,0x00000000d2f00000)
 Metaspace       used 73527K, committed 75200K, reserved 1179648K
  class space    used 7713K, committed 8448K, reserved 1048576K
}
Event: 14292.227 GC heap before
{Heap before GC invocations=455 (full 3):
 PSYoungGen      total 3584K, used 3264K [0x00000000d5580000, 0x00000000d5980000, 0x0000000100000000)
  eden space 3072K, 100% used [0x00000000d5580000,0x00000000d5880000,0x00000000d5880000)
  from space 512K, 37% used [0x00000000d5880000,0x00000000d58b0000,0x00000000d5900000)
  to   space 512K, 0% used [0x00000000d5900000,0x00000000d5900000,0x00000000d5980000)
 ParOldGen       total 1358848K, used 1358399K [0x0000000080000000, 0x00000000d2f00000, 0x00000000d5580000)
  object space 1358848K, 99% used [0x0000000080000000,0x00000000d2e8fc50,0x00000000d2f00000)
 Metaspace       used 73527K, committed 75200K, reserved 1179648K
  class space    used 7713K, committed 8448K, reserved 1048576K
}
Event: 14292.233 GC heap after
{Heap after GC invocations=455 (full 3):
 PSYoungGen      total 3072K, used 512K [0x00000000d5580000, 0x00000000d5b80000, 0x0000000100000000)
  eden space 2560K, 0% used [0x00000000d5580000,0x00000000d5580000,0x00000000d5800000)
  from space 512K, 100% used [0x00000000d5900000,0x00000000d5980000,0x00000000d5980000)
  to   space 1024K, 0% used [0x00000000d5800000,0x00000000d5800000,0x00000000d5900000)
 ParOldGen       total 1358848K, used 1358535K [0x0000000080000000, 0x00000000d2f00000, 0x00000000d5580000)
  object space 1358848K, 99% used [0x0000000080000000,0x00000000d2eb1c60,0x00000000d2f00000)
 Metaspace       used 73527K, committed 75200K, reserved 1179648K
  class space    used 7713K, committed 8448K, reserved 1048576K
}
Event: 14292.242 GC heap before
{Heap before GC invocations=456 (full 3):
 PSYoungGen      total 3072K, used 2938K [0x00000000d5580000, 0x00000000d5b80000, 0x0000000100000000)
  eden space 2560K, 94% used [0x00000000d5580000,0x00000000d57de9e8,0x00000000d5800000)
  from space 512K, 100% used [0x00000000d5900000,0x00000000d5980000,0x00000000d5980000)
  to   space 1024K, 0% used [0x00000000d5800000,0x00000000d5800000,0x00000000d5900000)
 ParOldGen       total 1358848K, used 1358535K [0x0000000080000000, 0x00000000d2f00000, 0x00000000d5580000)
  object space 1358848K, 99% used [0x0000000080000000,0x00000000d2eb1c60,0x00000000d2f00000)
 Metaspace       used 73531K, committed 75200K, reserved 1179648K
  class space    used 7713K, committed 8448K, reserved 1048576K
}
Event: 14292.248 GC heap after
{Heap after GC invocations=456 (full 3):
 PSYoungGen      total 3584K, used 250K [0x00000000d5580000, 0x00000000d5980000, 0x0000000100000000)
  eden space 2560K, 0% used [0x00000000d5580000,0x00000000d5580000,0x00000000d5800000)
  from space 1024K, 24% used [0x00000000d5800000,0x00000000d583e900,0x00000000d5900000)
  to   space 512K, 0% used [0x00000000d5900000,0x00000000d5900000,0x00000000d5980000)
 ParOldGen       total 1362432K, used 1361944K [0x0000000080000000, 0x00000000d3280000, 0x00000000d5580000)
  object space 1362432K, 99% used [0x0000000080000000,0x00000000d3206190,0x00000000d3280000)
 Metaspace       used 73531K, committed 75200K, reserved 1179648K
  class space    used 7713K, committed 8448K, reserved 1048576K
}
Event: 14292.270 GC heap before
{Heap before GC invocations=457 (full 3):
 PSYoungGen      total 3584K, used 2760K [0x00000000d5580000, 0x00000000d5980000, 0x0000000100000000)
  eden space 2560K, 98% used [0x00000000d5580000,0x00000000d57f3958,0x00000000d5800000)
  from space 1024K, 24% used [0x00000000d5800000,0x00000000d583e900,0x00000000d5900000)
  to   space 512K, 0% used [0x00000000d5900000,0x00000000d5900000,0x00000000d5980000)
 ParOldGen       total 1382400K, used 1381144K [0x0000000080000000, 0x00000000d4600000, 0x00000000d5580000)
  object space 1382400K, 99% used [0x0000000080000000,0x00000000d44c61b0,0x00000000d4600000)
 Metaspace       used 73531K, committed 75200K, reserved 1179648K
  class space    used 7713K, committed 8448K, reserved 1048576K
}
Event: 14292.274 GC heap after
{Heap after GC invocations=457 (full 3):
 PSYoungGen      total 3072K, used 507K [0x00000000d5580000, 0x00000000d5a80000, 0x0000000100000000)
  eden space 2560K, 0% used [0x00000000d5580000,0x00000000d5580000,0x00000000d5800000)
  from space 512K, 99% used [0x00000000d5900000,0x00000000d597ee78,0x00000000d5980000)
  to   space 1024K, 0% used [0x00000000d5800000,0x00000000d5800000,0x00000000d5900000)
 ParOldGen       total 1383936K, used 1382805K [0x0000000080000000, 0x00000000d4780000, 0x00000000d5580000)
  object space 1383936K, 99% used [0x0000000080000000,0x00000000d4665648,0x00000000d4780000)
 Metaspace       used 73531K, committed 75200K, reserved 1179648K
  class space    used 7713K, committed 8448K, reserved 1048576K
}

